Log file open, 06/25/17 17:57:49
LogInit:Display: Running engine for game: Prototype
LogPlatformFile: Not using cached read wrapper
LogInit:Display: RandInit(-584201281) SRandInit(-584201267).
LogTaskGraph: Started task graph with 5 named threads and 8 total threads with 1 sets of task threads.
LogStats: Stats thread started at 0.146081
LogInit: Using libcurl 7.47.1
LogInit:  - built for x86_64-pc-win32
LogInit:  - supports SSL with OpenSSL/1.0.2g
LogInit:  - supports HTTP deflate (compression) using libz 1.2.8
LogInit:  - other features:
LogInit:      CURL_VERSION_SSL
LogInit:      CURL_VERSION_LIBZ
LogInit:      CURL_VERSION_IPV6
LogInit:      CURL_VERSION_ASYNCHDNS
LogInit:      CURL_VERSION_LARGEFILE
LogInit:      CURL_VERSION_IDN
LogInit:  CurlRequestOptions (configurable via config and command line):
LogInit:  - bVerifyPeer = false  - Libcurl will NOT verify peer certificate
LogInit:  - bUseHttpProxy = false  - Libcurl will NOT use HTTP proxy
LogInit:  - bDontReuseConnections = false  - Libcurl will reuse connections
LogInit:  - CertBundlePath = nullptr  - Libcurl will use whatever was configured at build time.
LogInit: Build: ++UE4+Release-4.16-CL-3466753
LogInit: Engine Version: 4.16.1-3466753+++UE4+Release-4.16
LogInit: Compatible Engine Version: 4.16.0-3452394+++UE4+Release-4.16
LogInit: Net CL: 3452394
LogDevObjectVersion: Number of dev versions registered: 16
LogDevObjectVersion:   Dev-Blueprints (B0D832E4-1F89-4F0D-ACCF-7EB736FD4AA2): 9
LogDevObjectVersion:   Dev-Build (E1C64328-A22C-4D53-A36C-8E866417BD8C): 0
LogDevObjectVersion:   Dev-Core (375EC13C-06E4-48FB-B500-84F0262A717E): 2
LogDevObjectVersion:   Dev-Editor (E4B068ED-F494-42E9-A231-DA0B2E46BB41): 17
LogDevObjectVersion:   Dev-Framework (CFFC743F-43B0-4480-9391-14DF171D2073): 23
LogDevObjectVersion:   Dev-Mobile (B02B49B5-BB20-44E9-A304-32B752E40360): 0
LogDevObjectVersion:   Dev-Networking (A4E4105C-59A1-49B5-A7C5-40C4547EDFEE): 0
LogDevObjectVersion:   Dev-Online (39C831C9-5AE6-47DC-9A44-9C173E1C8E7C): 0
LogDevObjectVersion:   Dev-Physics (78F01B33-EBEA-4F98-B9B4-84EACCB95AA2): 0
LogDevObjectVersion:   Dev-Platform (6631380F-2D4D-43E0-8009-CF276956A95A): 0
LogDevObjectVersion:   Dev-Rendering (12F88B9F-8875-4AFC-A67C-D90C383ABD29): 15
LogDevObjectVersion:   Dev-Sequencer (7B5AE74C-D270-4C10-A958-57980B212A5A): 4
LogDevObjectVersion:   Dev-VR (D7296918-1DD6-4BDD-9DE2-64A83CC13884): 0
LogDevObjectVersion:   Dev-LoadTimes (C2A15278-BFE7-4AFE-6C17-90FF531DF755): 1
LogDevObjectVersion:   Private-Geometry (6EACA3D4-40EC-4CC1-B786-8BED09428FC5): 1
LogDevObjectVersion:   Dev-AnimPhys (29E575DD-E0A3-4627-9D10-D276232CDCEA): 3
LogInit: Compiled (64-bit): May 31 2017 02:03:30
LogInit: Compiled with Visual C++: 19.00.24215.01
LogInit: Build Configuration: Development
LogInit: Branch Name: ++UE4+Release-4.16
LogInit: Command line: 
LogInit: Base directory: C:/Program Files/Epic Games/UE_4.16/Engine/Binaries/Win64/
LogInit: Installed Engine Build: 1
LogInit: Presizing for max 8388607 objects, including 0 objects not considered by GC, pre-allocating 0 bytes for permanent pool.
LogInit: Object subsystem initialized
[2017.06.26-00.57.50:469][  0]LogInit: Selected Device Profile: [Windows]
[2017.06.26-00.57.50:469][  0]LogInit: Applying CVar settings loaded from the selected device profile: [Windows]
[2017.06.26-00.57.50:506][  0]LogInit: Computer: DESKTOP-71K0SKI
[2017.06.26-00.57.50:506][  0]LogInit: User: nemca
[2017.06.26-00.57.50:506][  0]LogInit: CPU Page size=4096, Cores=4
[2017.06.26-00.57.50:506][  0]LogInit: High frequency timer resolution =14.318180 MHz
[2017.06.26-00.57.50:506][  0]LogMemory: Memory total: Physical=8.0GB (8GB approx)
[2017.06.26-00.57.50:506][  0]LogMemory: Platform Memory Stats for Windows
[2017.06.26-00.57.50:506][  0]LogMemory: Process Physical Memory: 273.77 MB used, 273.77 MB peak
[2017.06.26-00.57.50:506][  0]LogMemory: Process Virtual Memory: 261.16 MB used, 261.16 MB peak
[2017.06.26-00.57.50:506][  0]LogMemory: Physical Memory: 4925.89 MB used,  3245.66 MB free, 8171.55 MB total
[2017.06.26-00.57.50:506][  0]LogMemory: Virtual Memory: 638.32 MB used,  3245.66 MB free, 134217728.00 MB total
[2017.06.26-00.57.50:654][  0]LogInit: Using OS detected language (en-US).
[2017.06.26-00.57.50:654][  0]LogInit: Using OS detected locale (en-US).
[2017.06.26-00.57.50:659][  0]LogTextLocalizationManager: No specific localization for 'en-US' exists, so the 'en' localization will be used.
[2017.06.26-00.57.51:984][  0]LogD3D11RHI: D3D11 adapters:
[2017.06.26-00.57.52:004][  0]LogD3D11RHI:    0. 'AMD Radeon HD 7900 Series' (Feature Level 11_0)
[2017.06.26-00.57.52:004][  0]LogD3D11RHI:       3053/0/4085 MB DedicatedVideo/DedicatedSystem/SharedSystem, Outputs:1, VendorId:0x1002
[2017.06.26-00.57.52:006][  0]LogD3D11RHI:    1. 'Microsoft Basic Render Driver' (Feature Level 11_0)
[2017.06.26-00.57.52:006][  0]LogD3D11RHI:       0/0/4085 MB DedicatedVideo/DedicatedSystem/SharedSystem, Outputs:0, VendorId:0x1414
[2017.06.26-00.57.52:006][  0]LogD3D11RHI: Chosen D3D11 Adapter: 0
[2017.06.26-00.57.52:013][  0]LogD3D11RHI: Creating new Direct3DDevice
[2017.06.26-00.57.52:013][  0]LogD3D11RHI:     GPU DeviceId: 0x679a (for the marketing name, search the web for "GPU Device Id")
[2017.06.26-00.57.52:013][  0]LogWindows: EnumDisplayDevices:
[2017.06.26-00.57.52:013][  0]LogWindows:    0. 'AMD Radeon HD 7900 Series' (P:1 D:1)
[2017.06.26-00.57.52:013][  0]LogWindows:    1. 'AMD Radeon HD 7900 Series' (P:0 D:0)
[2017.06.26-00.57.52:014][  0]LogWindows:    2. 'AMD Radeon HD 7900 Series' (P:0 D:0)
[2017.06.26-00.57.52:014][  0]LogWindows:    3. 'AMD Radeon HD 7900 Series' (P:0 D:0)
[2017.06.26-00.57.52:015][  0]LogWindows:    4. 'AMD Radeon HD 7900 Series' (P:0 D:0)
[2017.06.26-00.57.52:015][  0]LogWindows:    5. 'AMD Radeon HD 7900 Series' (P:0 D:0)
[2017.06.26-00.57.52:015][  0]LogWindows: DebugString: FoundDriverCount:6 
[2017.06.26-00.57.52:015][  0]LogD3D11RHI:     Adapter Name: AMD Radeon HD 7900 Series
[2017.06.26-00.57.52:015][  0]LogD3D11RHI:   Driver Version: Crimson ReLive 17.5.1 (internal:22.19.165.1, unified:22.19.165.1)
[2017.06.26-00.57.52:015][  0]LogD3D11RHI:      Driver Date: 5-2-2017
[2017.06.26-00.57.52:015][  0]LogRHI: Texture pool is 1361 MB (70% of 1945 MB)
[2017.06.26-00.57.52:083][  0]LogD3D11RHI: Async texture creation enabled
[2017.06.26-00.57.52:099][  0]LogD3D11RHI: GPU Timing Frequency: 27.000000 (Debug: 2 1)
[2017.06.26-00.57.52:101][  0]LogShaderCompilers: Guid format shader working directory is 2 characters bigger than the processId version (../../../../../../Github/Prototype/Prototype/Intermediate/Shaders/WorkingDirectory/3412/).
[2017.06.26-00.57.52:101][  0]LogShaderCompilers: Cleaned the shader compiler working directory 'C:/Users/nemca/AppData/Local/Temp/UnrealShaderWorkingDir/AFA09529478B6B0CDDBFE491898DF107/'.
[2017.06.26-00.57.52:101][  0]LogShaderCompilers:Display: Using Local Shader Compiler.
[2017.06.26-00.57.54:015][  0]LogTemp:Display: Loaded TP AllDesktopTargetPlatform
[2017.06.26-00.57.54:115][  0]LogTemp:Display: Loaded TP MacClientTargetPlatform
[2017.06.26-00.57.54:225][  0]LogTemp:Display: Loaded TP MacNoEditorTargetPlatform
[2017.06.26-00.57.54:325][  0]LogTemp:Display: Loaded TP MacServerTargetPlatform
[2017.06.26-00.57.54:430][  0]LogTemp:Display: Loaded TP MacTargetPlatform
[2017.06.26-00.57.54:530][  0]LogTemp:Display: Loaded TP WindowsClientTargetPlatform
[2017.06.26-00.57.54:634][  0]LogTemp:Display: Loaded TP WindowsNoEditorTargetPlatform
[2017.06.26-00.57.54:728][  0]LogTemp:Display: Loaded TP WindowsServerTargetPlatform
[2017.06.26-00.57.54:813][  0]LogTemp:Display: Loaded TP WindowsTargetPlatform
[2017.06.26-00.57.54:916][  0]LogTemp:Display: Loaded TP AndroidTargetPlatform
[2017.06.26-00.57.55:009][  0]LogTemp:Display: Loaded TP Android_ASTCTargetPlatform
[2017.06.26-00.57.55:104][  0]LogTemp:Display: Loaded TP Android_ATCTargetPlatform
[2017.06.26-00.57.55:200][  0]LogTemp:Display: Loaded TP Android_DXTTargetPlatform
[2017.06.26-00.57.55:294][  0]LogTemp:Display: Loaded TP Android_ETC1TargetPlatform
[2017.06.26-00.57.55:385][  0]LogTemp:Display: Loaded TP Android_ETC2TargetPlatform
[2017.06.26-00.57.55:569][  0]LogTemp:Display: Loaded TP Android_MultiTargetPlatform
[2017.06.26-00.57.55:569][  0]LogTemp:Display: Loaded TP Android_PVRTCTargetPlatform
[2017.06.26-00.57.55:646][  0]LogTemp:Display: Loaded TP HTML5TargetPlatform
[2017.06.26-00.57.55:803][  0]LogTemp:Display: Loaded TP IOSTargetPlatform
[2017.06.26-00.57.55:859][  0]LogTemp:Display: Loaded TP TVOSTargetPlatform
[2017.06.26-00.57.55:952][  0]LogTemp:Display: Loaded TP LinuxClientTargetPlatform
[2017.06.26-00.57.56:044][  0]LogTemp:Display: Loaded TP LinuxNoEditorTargetPlatform
[2017.06.26-00.57.56:135][  0]LogTemp:Display: Loaded TP LinuxServerTargetPlatform
[2017.06.26-00.57.56:228][  0]LogTemp:Display: Loaded TP LinuxTargetPlatform
[2017.06.26-00.57.56:228][  0]LogTargetPlatformManager:Display: Building Assets For Windows
[2017.06.26-00.57.57:180][  0]LogDerivedDataCache:Display: Max Cache Size: 512 MB
[2017.06.26-00.57.57:358][  0]LogDerivedDataCache: Loaded boot cache 0.18s 90MB C:/Users/nemca/AppData/Local/UnrealEngine/4.16/DerivedDataCache/Boot.ddc.
[2017.06.26-00.57.57:358][  0]LogDerivedDataCache:Display: Loaded Boot cache: C:/Users/nemca/AppData/Local/UnrealEngine/4.16/DerivedDataCache/Boot.ddc
[2017.06.26-00.57.57:358][  0]LogDerivedDataCache: FDerivedDataBackendGraph:  Pak pak cache file ../../../../../../Github/Prototype/Prototype/DerivedDataCache/DDC.ddp not found, will not use a pak cache.
[2017.06.26-00.57.57:358][  0]LogDerivedDataCache: Unable to find inner node Pak for hierarchical cache Hierarchy.
[2017.06.26-00.57.57:358][  0]LogDerivedDataCache: FDerivedDataBackendGraph:  CompressedPak pak cache file ../../../../../../Github/Prototype/Prototype/DerivedDataCache/Compressed.ddp not found, will not use a pak cache.
[2017.06.26-00.57.57:358][  0]LogDerivedDataCache: Unable to find inner node CompressedPak for hierarchical cache Hierarchy.
[2017.06.26-00.57.57:386][  0]LogDerivedDataCache:Display: Pak cache opened for reading ../../../Engine/DerivedDataCache/Compressed.ddp.
[2017.06.26-00.57.57:399][  0]LogDerivedDataCache: Using Local data cache path C:/Users/nemca/AppData/Local/UnrealEngine/Common/DerivedDataCache: Writable
[2017.06.26-00.57.57:415][  0]LogMaterial: Verifying Global Shaders for PCD3D_SM5
[2017.06.26-00.57.57:416][  0]LogSlate: Using Freetype 2.6.0
[2017.06.26-00.57.57:417][  0]LogSlate: SlateFontCache - WITH_FREETYPE: 1, WITH_HARFBUZZ: 1
[2017.06.26-00.57.57:417][  0]LogSlate: SlateFontCache - WITH_FREETYPE: 1, WITH_HARFBUZZ: 1
[2017.06.26-00.57.57:941][  0]LogInit: Selected Device Profile: [Windows]
[2017.06.26-00.57.58:113][  0]LogContentStreaming: Texture pool size is 0.00 MB
[2017.06.26-00.57.58:382][  0]LogMeshUtilities: Using QuadricMeshReduction for automatic static mesh reduction
[2017.06.26-00.57.58:464][  0]LogSimplygon: Simplygon DLL not present - disabling.
[2017.06.26-00.57.58:564][  0]LogMeshUtilities: Using SimplygonSwarm for distributed automatic mesh merging
[2017.06.26-00.57.58:564][  0]LogMeshUtilities: No automatic skeletal mesh reduction module available
[2017.06.26-00.57.58:564][  0]LogMeshUtilities: No automatic mesh merging module available
[2017.06.26-00.57.59:499][  0]LogNetVersion: Prototype , NetCL: 3452394, EngineNetVer: 2, GameNetVer: 0 (Checksum: 1224494967)
[2017.06.26-00.57.59:591][  0]LogAssetRegistry: FAssetRegistry took 0.0289 seconds to start up
[2017.06.26-00.57.59:684][  0]LogPackageLocalizationCache: Processed 4 localized package path(s) for 2 prioritized culture(s) in 0.045812 seconds
[2017.06.26-00.57.59:693][  0]LogUObjectArray: 34194 objects as part of root set at end of initial load.
[2017.06.26-00.57.59:693][  0]LogUObjectAllocator: 7260424 out of 0 bytes used by permanent object pool.
[2017.06.26-00.57.59:693][  0]LogUObjectArray: CloseDisregardForGC: 0/0 objects in disregard for GC pool
[2017.06.26-00.57.59:824][  0]LogInit: WinSock: version 1.1 (2.2), MaxSocks=32767, MaxUdp=65467
[2017.06.26-00.58.04:154][  0]LogTcpMessaging: Initializing TcpMessaging bridge
[2017.06.26-00.58.04:220][  0]LogUdpMessaging: Initializing bridge on interface 0.0.0.0:0 to multicast group 230.0.0.1:6666.
[2017.06.26-00.58.05:263][  0]LogMaterial: Uniform references updated for custom material expression Custom.
[2017.06.26-00.58.06:054][  0]SourceControl: Info Source control is disabled
[2017.06.26-00.58.08:366][  0]LogAndroidPermission: UAndroidPermissionCallbackProxy::GetInstance
[2017.06.26-00.58.09:589][  0]LogEngine: Initializing Engine...
[2017.06.26-00.58.09:590][  0]LogHMD: Failed to initialize OpenVR with code 110
[2017.06.26-00.58.09:912][  0]LogStats: UGameplayTagsManager::ConstructGameplayTagTree: Construct from data asset -  0.000 s
[2017.06.26-00.58.09:912][  0]LogStats: UGameplayTagsManager::ConstructGameplayTagTree: GameplayTagTreeChangedEvent.Broadcast -  0.000 s
[2017.06.26-00.58.10:219][  0]LogAIModule: Creating AISystem for world Untitled
[2017.06.26-00.58.10:239][  0]LogInit: XAudio2 using 'Headphones (Jabra STEP Wireless v0.3.5 Stereo)' : 2 channels at 44.1 kHz using 16 bits per sample (channel mask 0x3)
[2017.06.26-00.58.11:145][  0]LogInit: FAudioDevice initialized.
[2017.06.26-00.58.11:234][  0]LogDerivedDataCache: Saved boot cache 0.09s 90MB C:/Users/nemca/AppData/Local/UnrealEngine/4.16/DerivedDataCache/Boot.ddc.
[2017.06.26-00.58.11:256][  0]LogInit: Texture streaming: Enabled
[2017.06.26-00.58.11:467][  0]LogEngineSessionManager: EngineSessionManager initialized
[2017.06.26-00.58.12:031][  0]LogInit: Transaction tracking system initialized
[2017.06.26-00.58.12:686][  0]BlueprintLog: New page: Editor Load
[2017.06.26-00.58.14:686][  0]LocalizationService: Info Localization service is disabled
[2017.06.26-00.58.16:108][  0]LogConsoleResponse:Display: 
[2017.06.26-00.58.16:415][  0]LogCook:Display: Max memory allowance for cook 16384mb min free memory 0mb
[2017.06.26-00.58.16:415][  0]LogCook:Display: Mobile HDR setting 1
[2017.06.26-00.58.17:038][  0]LogFileCache: Scanning file cache for directory 'C:/Github/Prototype/Prototype/Content/' took 0.02s
[2017.06.26-00.58.18:959][  0]Cmd: MAP LOAD FILE="../../../../../../Github/Prototype/Prototype/Content/ThirdPersonBP/Maps/ThirdPersonExampleMap.umap" TEMPLATE=0 SHOWPROGRESS=1 FEATURELEVEL=3
[2017.06.26-00.58.18:959][  0]LogEditorServer:Warning: Can't find file '../../../../../../Github/Prototype/Prototype/Content/ThirdPersonBP/Maps/ThirdPersonExampleMap.umap'
[2017.06.26-00.58.19:488][  0]Cmd: MAP CHECKDEP NOCLEARLOG
[2017.06.26-00.58.19:564][  0]MapCheck: Info Map check complete: 0 Error(s), 0 Warning(s), took 75.264ms to complete.
[2017.06.26-00.58.19:564][  0]LogFileHelpers: Loading map 'ThirdPersonExampleMap' took 0.605
[2017.06.26-00.58.19:668][  0]LogWindowsTextInputMethodSystem:Display: IME system now deactivated.
[2017.06.26-00.58.21:568][  0]LogCollectionManager: Loaded 0 collections in 0.002381 seconds
[2017.06.26-00.58.21:981][  0]LogFileCache: Scanning file cache for directory 'C:/Github/Prototype/Prototype/Saved/Collections/' took 0.01s
[2017.06.26-00.58.21:981][  0]LogFileCache: Scanning file cache for directory 'C:/Github/Prototype/Prototype/Content/Developers/nemca/Collections/' took 0.01s
[2017.06.26-00.58.21:981][  0]LogFileCache: Scanning file cache for directory 'C:/Github/Prototype/Prototype/Content/Collections/' took 0.01s
[2017.06.26-00.58.21:982][  0]LogCollectionManager: Rebuilt the GUID cache for 0 collections in 0.000005 seconds
[2017.06.26-00.58.21:999][  0]LogContentBrowser: Native class hierarchy populated in 0.0164 seconds. Added 2329 classes and 491 folders.
[2017.06.26-00.58.22:314][  0]LogContentBrowser: Native class hierarchy updated for 'WidgetCarousel' in 0.0008 seconds. Added 0 classes and 0 folders.
[2017.06.26-00.58.24:099][  0]LogContentBrowser: Native class hierarchy updated for 'AddContentDialog' in 0.0008 seconds. Added 0 classes and 0 folders.
[2017.06.26-00.58.24:373][  0]LogContentBrowser: Native class hierarchy updated for 'SceneOutliner' in 0.0008 seconds. Added 1 classes and 2 folders.
[2017.06.26-00.58.25:692][  0]LogCrashTracker: Crashtracker disabled due to settings.
[2017.06.26-00.58.25:964][  0]LogSlate: Took 0.000433 seconds to synchronously load lazily loaded font '../../../Engine/Content/Slate/Fonts/Roboto-Regular.ttf' (155K)
[2017.06.26-00.58.25:967][  0]LogSlate: Took 0.000325 seconds to synchronously load lazily loaded font '../../../Engine/Content/Slate/Fonts/Roboto-Bold.ttf' (160K)
[2017.06.26-00.58.26:117][  0]LogSlate: Took 0.019929 seconds to synchronously load lazily loaded font '../../../Engine/Content/Editor/Slate/Fonts/FontAwesome.ttf' (139K)
[2017.06.26-00.58.26:918][  0]LogRenderer: Reallocating scene render targets to support 1208x576 NumSamples 1 (Frame:1).
[2017.06.26-00.58.29:269][  0]LogUObjectGlobals:Warning: Failed to find object 'Class None.'
[2017.06.26-00.58.29:388][  0]LogContentBrowser: Native class hierarchy updated for 'HierarchicalLODOutliner' in 0.0008 seconds. Added 1 classes and 2 folders.
[2017.06.26-00.58.29:388][  0]LogLoad: (Engine Initialization) Total time: 42.36 seconds
[2017.06.26-00.58.29:388][  0]LogLoad: (Engine Initialization) Total Blueprint compile time: 0.08 seconds
[2017.06.26-00.58.29:388][  0]LogExternalProfiler: No external profilers were discovered.  External profiling features will not be available.
[2017.06.26-00.58.29:398][  0]LogOcInput: OculusInput pre-init called
[2017.06.26-00.58.29:398][  0]LogHMD: Starting GearVRController plugin
[2017.06.26-00.58.29:570][  0]SourceControl: Info On branch master
[2017.06.26-00.58.29:570][  0]SourceControl: Info Your branch is up-to-date with 'origin/master'.
[2017.06.26-00.58.29:570][  0]SourceControl: Info Changes not staged for commit:
[2017.06.26-00.58.29:570][  0]SourceControl: Info   (use "git add/rm <file>..." to update what will be committed)
[2017.06.26-00.58.29:570][  0]SourceControl: Info   (use "git checkout -- <file>..." to discard changes in working directory)
[2017.06.26-00.58.29:570][  0]SourceControl: Info 	modified:   Prototype/Intermediate/CachedAssetRegistry.bin
[2017.06.26-00.58.29:570][  0]SourceControl: Info 	deleted:    Prototype/Saved/Config/CrashReportClient/UE4CC-Windows-10710E1946EA154509D4A5813D7AEC88/CrashReportClient.ini
[2017.06.26-00.58.29:570][  0]SourceControl: Info 	deleted:    Prototype/Saved/Config/CrashReportClient/UE4CC-Windows-2BA5C75D4CA7AFB46046C19E2E9FDA7E/CrashReportClient.ini
[2017.06.26-00.58.29:570][  0]SourceControl: Info 	deleted:    Prototype/Saved/Config/CrashReportClient/UE4CC-Windows-5D2DC9C54CA775CA4865C0B0BFF122FD/CrashReportClient.ini
[2017.06.26-00.58.29:570][  0]SourceControl: Info 	deleted:    Prototype/Saved/Config/CrashReportClient/UE4CC-Windows-706832C74AB4992E2BA4A38304FEE2EE/CrashReportClient.ini
[2017.06.26-00.58.29:570][  0]SourceControl: Info 	deleted:    Prototype/Saved/Config/CrashReportClient/UE4CC-Windows-C6433D634A6FA84A8A4ACFAFA2D2133B/CrashReportClient.ini
[2017.06.26-00.58.29:570][  0]SourceControl: Info 	deleted:    Prototype/Saved/Config/CrashReportClient/UE4CC-Windows-CC57A5BD49A344652CB924946BC40BA3/CrashReportClient.ini
[2017.06.26-00.58.29:570][  0]SourceControl: Info 	modified:   Prototype/Saved/Config/Windows/Editor.ini
[2017.06.26-00.58.29:570][  0]SourceControl: Info 	deleted:    Prototype/Saved/Logs/Prototype-backup-2017.06.22-20.24.55.log
[2017.06.26-00.58.29:570][  0]SourceControl: Info 	modified:   Prototype/Saved/Logs/Prototype.log
[2017.06.26-00.58.29:571][  0]SourceControl: Info Untracked files:
[2017.06.26-00.58.29:571][  0]SourceControl: Info   (use "git add <file>..." to include in what will be committed)
[2017.06.26-00.58.29:571][  0]SourceControl: Info 	Prototype/Saved/Config/CrashReportClient/UE4CC-Windows-0AE0DCD64D8F12E587150D8689BD0FC7/
[2017.06.26-00.58.29:571][  0]SourceControl: Info 	Prototype/Saved/Logs/Prototype-backup-2017.06.25-17.57.49.log
[2017.06.26-00.58.29:571][  0]SourceControl: Info no changes added to commit (use "git add" and/or "git commit -a")
[2017.06.26-00.58.29:612][  0]LogContentStreaming: Texture pool size now 1000 MB
[2017.06.26-00.58.30:272][  2]LogAssetRegistry: Asset discovery search completed in 30.7023 seconds
[2017.06.26-00.58.30:304][  2]LogCollectionManager: Rebuilt the object cache for 0 collections in 0.000001 seconds (found 0 objects)
[2017.06.26-00.58.30:304][  2]LogCollectionManager: Fixed up redirectors for 0 collections in 0.000062 seconds (updated 0 objects)
[2017.06.26-00.58.34:116][441]LogSlate: Took 0.031656 seconds to synchronously load lazily loaded font '../../../Engine/Content/Slate/Fonts/Roboto-Light.ttf' (159K)
[2017.06.26-01.01.54:871][718]LogTemp: Repeting last play command: New Editor Window (PIE)
[2017.06.26-01.01.55:157][718]LogPlayLevel: PlayLevel: No blueprints needed recompiling
[2017.06.26-01.01.55:245][718]PIE: New page: PIE session: Untitled_0 (Jun 25, 2017, 11:01:55 AM)
[2017.06.26-01.01.55:279][718]LogPlayLevel: Creating play world package: /Temp/UEDPIE_0_Untitled_0
[2017.06.26-01.01.55:357][718]LogPlayLevel: PIE: StaticDuplicateObject took: (0.077915s)
[2017.06.26-01.01.55:358][718]LogAIModule: Creating AISystem for world Untitled
[2017.06.26-01.01.55:377][718]LogPlayLevel: PIE: World Init took: (0.019747s)
[2017.06.26-01.01.55:392][718]LogPlayLevel: PIE: Created PIE world by copying editor world from /Temp/Untitled_0.Untitled to /Temp/UEDPIE_0_Untitled_0.Untitled (0.122379s)
[2017.06.26-01.01.55:461][718]LogInit: XAudio2 using 'Headphones (Jabra STEP Wireless v0.3.5 Stereo)' : 2 channels at 44.1 kHz using 16 bits per sample (channel mask 0x3)
[2017.06.26-01.01.55:473][718]LogInit: FAudioDevice initialized.
[2017.06.26-01.01.58:225][718]LogLoad: Game class is 'GamePlay_BP_C'
[2017.06.26-01.01.58:309][718]LogWorld: Bringing World /Temp/UEDPIE_0_Untitled_0.Untitled up for play (max tick rate 0) at 2017.06.25-18.01.58
[2017.06.26-01.01.58:334][718]LogWorld: Bringing up level for play took: 0.025691
[2017.06.26-01.01.58:732][718]LogContentBrowser: Native class hierarchy updated for 'MovieSceneCapture' in 0.0009 seconds. Added 11 classes and 0 folders.
[2017.06.26-01.01.59:017][718]LogBlueprintUserMessages: [MyCharacter_BP_C_0] EXP Needed: 200
[2017.06.26-01.01.59:170][718]PIE: Info Play in editor start time for /Temp/UEDPIE_0_Untitled_0 4.942
[2017.06.26-01.01.59:573][718]LogRenderer: Reallocating scene render targets to support 1292x756 NumSamples 1 (Frame:1).
[2017.06.26-01.02.07:458][570]LogBlueprintUserMessages: [MyCharacter_BP_C_0] EXP Needed: 200
[2017.06.26-01.02.08:912][702]LogSlate: Took 0.000314 seconds to synchronously load lazily loaded font '../../../Engine/Content/Slate/Fonts/Roboto-Light.ttf' (159K)
[2017.06.26-01.02.09:684][702]LogSlate: Took 0.000261 seconds to synchronously load lazily loaded font '../../../Engine/Content/Slate/Fonts/Roboto-Regular.ttf' (155K)
[2017.06.26-01.02.10:541][702]LogContentBrowser: Native class hierarchy updated for 'BlueprintGraph' in 0.0014 seconds. Added 112 classes and 0 folders.
[2017.06.26-01.02.16:902][970]LogSlate: Took 0.047696 seconds to synchronously load lazily loaded font '../../../Engine/Content/Editor/Slate/Fonts/Roboto-BoldCondensed.ttf' (158K)
[2017.06.26-01.02.24:185][538]LogAIModule: Creating AISystem for world TitleScreen
[2017.06.26-01.02.24:250][538]Cmd: MAP LOAD FILE="../../../../../../Github/Prototype/Prototype/Content/Maps/TitleScreen.umap" TEMPLATE=0 SHOWPROGRESS=1 FEATURELEVEL=3
[2017.06.26-01.02.24:250][538]LightingResults: New page: Lighting Build
[2017.06.26-01.02.24:327][538]LogContentBrowser: Native class hierarchy updated for 'StatsViewer' in 0.0008 seconds. Added 5 classes and 0 folders.
[2017.06.26-01.02.24:328][538]LoadErrors: New page: Loading map: TitleScreen.umap
[2017.06.26-01.02.24:329][538]MapCheck: New page: Map Check
[2017.06.26-01.02.24:329][538]LightingResults: New page: Lighting Build
[2017.06.26-01.02.24:482][538]LogEditorServer: Finished looking for orphan Actors (0.000 secs)
[2017.06.26-01.02.24:570][538]Cmd: MAP CHECKDEP NOCLEARLOG
[2017.06.26-01.02.24:664][538]MapCheck: Info Map check complete: 0 Error(s), 0 Warning(s), took 94.119ms to complete.
[2017.06.26-01.02.24:664][538]LogFileHelpers: Loading map 'TitleScreen' took 0.425
[2017.06.26-01.02.25:377][603]LogEditorViewport: Clicking Background
[2017.06.26-01.02.26:116][676]LogTemp: Repeting last play command: New Editor Window (PIE)
[2017.06.26-01.02.26:152][676]LogBlueprintUserMessages: Early PlayInEditor Detection: Level '/Game/Maps/TitleScreen.TitleScreen:PersistentLevel' has LevelScriptBlueprint '/Game/Maps/TitleScreen.TitleScreen:PersistentLevel.TitleScreen' with GeneratedClass '/Game/Maps/TitleScreen.TitleScreen_C' with ClassGeneratedBy '/Game/Maps/TitleScreen.TitleScreen:PersistentLevel.TitleScreen'
[2017.06.26-01.02.26:152][676]LogPlayLevel: PlayLevel: No blueprints needed recompiling
[2017.06.26-01.02.26:153][676]PIE: New page: PIE session: TitleScreen (Jun 25, 2017, 11:02:26 AM)
[2017.06.26-01.02.26:153][676]LogPlayLevel: Creating play world package: /Game/Maps/UEDPIE_0_TitleScreen
[2017.06.26-01.02.26:207][676]LogPlayLevel: PIE: StaticDuplicateObject took: (0.053979s)
[2017.06.26-01.02.26:208][676]LogAIModule: Creating AISystem for world TitleScreen
[2017.06.26-01.02.26:208][676]LogPlayLevel: PIE: World Init took: (0.001254s)
[2017.06.26-01.02.26:208][676]LogPlayLevel: PIE: Created PIE world by copying editor world from /Game/Maps/TitleScreen.TitleScreen to /Game/Maps/UEDPIE_0_TitleScreen.TitleScreen (0.055632s)
[2017.06.26-01.02.26:273][676]LogInit: XAudio2 using 'Headphones (Jabra STEP Wireless v0.3.5 Stereo)' : 2 channels at 44.1 kHz using 16 bits per sample (channel mask 0x3)
[2017.06.26-01.02.26:293][676]LogInit: FAudioDevice initialized.
[2017.06.26-01.02.26:353][676]LogLoad: Game class is 'GamePlay_BP_C'
[2017.06.26-01.02.26:357][676]LogWorld: Bringing World /Game/Maps/UEDPIE_0_TitleScreen.TitleScreen up for play (max tick rate 0) at 2017.06.25-18.02.26
[2017.06.26-01.02.26:357][676]LogWorld: Bringing up level for play took: 0.001018
[2017.06.26-01.02.26:359][676]LogBlueprintUserMessages: [MyCharacter_BP_C_0] EXP Needed: 200
[2017.06.26-01.02.26:468][676]PIE: Info Play in editor start time for /Game/Maps/UEDPIE_0_TitleScreen 0.24
[2017.06.26-01.02.26:469][676]LogBlueprintUserMessages: Late PlayInEditor Detection: Level '/Game/Maps/TitleScreen.TitleScreen:PersistentLevel' has LevelScriptBlueprint '/Game/Maps/TitleScreen.TitleScreen:PersistentLevel.TitleScreen' with GeneratedClass '/Game/Maps/TitleScreen.TitleScreen_C' with ClassGeneratedBy '/Game/Maps/TitleScreen.TitleScreen:PersistentLevel.TitleScreen'
[2017.06.26-01.02.27:998][778]LogNet: Browse: /Game/Maps/NewMap
[2017.06.26-01.02.28:009][778]LogLoad: LoadMap: /Game/Maps/NewMap
[2017.06.26-01.02.28:067][778]Cmd: MEM
[2017.06.26-01.02.28:249][778]LogMemory: Platform Memory Stats for Windows
[2017.06.26-01.02.28:249][778]LogMemory: Process Physical Memory: 1231.46 MB used, 1231.46 MB peak
[2017.06.26-01.02.28:249][778]LogMemory: Process Virtual Memory: 1895.38 MB used, 1895.43 MB peak
[2017.06.26-01.02.28:249][778]LogMemory: Physical Memory: 5974.66 MB used,  2196.89 MB free, 8171.55 MB total
[2017.06.26-01.02.28:249][778]LogMemory: Virtual Memory: 2654.62 MB used,  2196.89 MB free, 134217728.00 MB total
[2017.06.26-01.02.28:249][778]LogMemory: 
[2017.06.26-01.02.28:249][778]Allocator Stats for TBB: (not implemented)
[2017.06.26-01.02.29:820][778]LogAIModule: Creating AISystem for world NewMap
[2017.06.26-01.02.29:821][778]LogLoad: Game class is 'GamePlay_BP_C'
[2017.06.26-01.02.29:926][778]LogWorld: Bringing World /Game/Maps/UEDPIE_0_NewMap.NewMap up for play (max tick rate 0) at 2017.06.25-18.02.29
[2017.06.26-01.02.29:999][778]LogWorld: Bringing up level for play took: 0.175706
[2017.06.26-01.02.30:032][778]LogBlueprintUserMessages: [MyCharacter_BP_C_0] EXP Needed: 200
[2017.06.26-01.02.30:053][778]LogLoad: Took 2.043808 seconds to LoadMap(/Game/Maps/NewMap)
[2017.06.26-01.02.52:924][649]LogBlueprintUserMessages: Early EndPlayMap Detection: Level '/Game/Maps/TitleScreen.TitleScreen:PersistentLevel' has LevelScriptBlueprint '/Game/Maps/TitleScreen.TitleScreen:PersistentLevel.TitleScreen' with GeneratedClass '/Game/Maps/TitleScreen.TitleScreen_C' with ClassGeneratedBy '/Game/Maps/TitleScreen.TitleScreen:PersistentLevel.TitleScreen'
[2017.06.26-01.02.52:978][649]LogBlueprintUserMessages: Late EndPlayMap Detection: Level '/Game/Maps/TitleScreen.TitleScreen:PersistentLevel' has LevelScriptBlueprint '/Game/Maps/TitleScreen.TitleScreen:PersistentLevel.TitleScreen' with GeneratedClass '/Game/Maps/TitleScreen.TitleScreen_C' with ClassGeneratedBy '/Game/Maps/TitleScreen.TitleScreen:PersistentLevel.TitleScreen'
[2017.06.26-01.03.38:309][384]LogSlate: Took 0.000239 seconds to synchronously load lazily loaded font '../../../Engine/Content/Slate/Fonts/Roboto-Light.ttf' (159K)
[2017.06.26-01.03.39:676][436]LogSlate: Took 0.040404 seconds to synchronously load lazily loaded font '../../../Engine/Content/Editor/Slate/Fonts/Roboto-Italic.ttf' (157K)
[2017.06.26-01.04.05:214][344]LogAIModule: Creating AISystem for world NewMap
[2017.06.26-01.04.05:274][344]Cmd: MAP LOAD FILE="../../../../../../Github/Prototype/Prototype/Content/Maps/NewMap.umap" TEMPLATE=0 SHOWPROGRESS=1 FEATURELEVEL=3
[2017.06.26-01.04.05:274][344]LightingResults: New page: Lighting Build
[2017.06.26-01.04.05:275][344]LoadErrors: New page: Loading map: NewMap.umap
[2017.06.26-01.04.05:629][344]MapCheck: New page: Map Check
[2017.06.26-01.04.05:629][344]LightingResults: New page: Lighting Build
[2017.06.26-01.04.05:863][344]LogEditorServer: Finished looking for orphan Actors (0.000 secs)
[2017.06.26-01.04.05:937][344]Cmd: MAP CHECKDEP NOCLEARLOG
[2017.06.26-01.04.06:060][344]MapCheck: Info Map check complete: 0 Error(s), 0 Warning(s), took 122.784ms to complete.
[2017.06.26-01.04.06:060][344]LogFileHelpers: Loading map 'NewMap' took 0.787
[2017.06.26-01.06.16:139][957]LogSlate: Took 0.026955 seconds to synchronously load lazily loaded font '../../../Engine/Content/Editor/Slate/Fonts/Roboto-BoldCondensedItalic.ttf' (160K)
[2017.06.26-01.08.37:671][886]BlueprintLog: New page: Compile NewMap
[2017.06.26-01.08.38:947][915]Cmd: OBJ SAVEPACKAGE PACKAGE="/Game/Maps/NewMap" FILE="../../../../../../Github/Prototype/Prototype/Content/Maps/NewMap.umap" SILENT=true AUTOSAVING=false KEEPDIRTY=false
[2017.06.26-01.08.39:515][915]LogSavePackage: Save=442.51ms
[2017.06.26-01.08.39:515][915]LogSavePackage: Moving '../../../../../../Github/Prototype/Prototype/Saved/NewMapCED0BEF7410B84E15B789C977E428EE2.tmp' to '../../../../../../Github/Prototype/Prototype/Content/Maps/NewMap.umap'
[2017.06.26-01.08.39:528][915]LogSavePackage:Display: Finished SavePackage ../../../../../../Github/Prototype/Prototype/Content/Maps/NewMap.umap
[2017.06.26-01.08.39:570][915]LogFileHelpers: Saving map 'NewMap' took 0.814
[2017.06.26-01.08.49:544][358]LogBlueprintUserMessages: [MyCharacter_BP_C_1] EXP Needed: 200
[2017.06.26-01.09.04:259][993]LogBlueprintUserMessages: [MyCharacter_BP_C_0] EXP Needed: 200
[2017.06.26-01.09.04:274][993]LogBlueprintUserMessages: [MyCharacter_BP_C_1] EXP Needed: 200
[2017.06.26-01.10.16:264][494]BlueprintLog: New page: Compile MyCharacter_BP
[2017.06.26-01.10.16:610][494]LogBlueprintUserMessages: [MyCharacter_BP_C_0] EXP Needed: 200
[2017.06.26-01.10.16:612][494]LogBlueprintUserMessages: [MyCharacter_BP_C_1] EXP Needed: 200
[2017.06.26-01.10.16:847][494]LogBlueprintUserMessages: [MyCharacter_BP_C_0] EXP Needed: 200
[2017.06.26-01.10.16:849][494]LogBlueprintUserMessages: [MyCharacter_BP_C_1] EXP Needed: 200
[2017.06.26-01.10.19:985][715]BlueprintLog: New page: Compile NewMap
[2017.06.26-01.10.20:743][743]Cmd: OBJ SAVEPACKAGE PACKAGE="/Game/Maps/NewMap" FILE="../../../../../../Github/Prototype/Prototype/Content/Maps/NewMap.umap" SILENT=true AUTOSAVING=false KEEPDIRTY=false
[2017.06.26-01.10.21:152][743]LogSavePackage: Save=313.49ms
[2017.06.26-01.10.21:152][743]LogSavePackage: Moving '../../../../../../Github/Prototype/Prototype/Saved/NewMapB869842A409AA29ACE95AAB896B9F78C.tmp' to '../../../../../../Github/Prototype/Prototype/Content/Maps/NewMap.umap'
[2017.06.26-01.10.21:155][743]LogSavePackage:Display: Finished SavePackage ../../../../../../Github/Prototype/Prototype/Content/Maps/NewMap.umap
[2017.06.26-01.10.21:194][743]LogFileHelpers: Saving map 'NewMap' took 0.564
[2017.06.26-01.10.54:688][312]Cmd: OBJ SAVEPACKAGE PACKAGE="/Game/Blueprints/MyCharacter_BP" FILE="../../../../../../Github/Prototype/Prototype/Content/Blueprints/MyCharacter_BP.uasset" SILENT=true
[2017.06.26-01.10.55:304][312]LogSavePackage: Save=551.90ms
[2017.06.26-01.10.55:304][312]LogSavePackage: Moving '../../../../../../Github/Prototype/Prototype/Saved/MyCharacter_BP5ACEA23843BB4A421680FC8E2A0AE9EF.tmp' to '../../../../../../Github/Prototype/Prototype/Content/Blueprints/MyCharacter_BP.uasset'
[2017.06.26-01.10.55:308][312]LogSavePackage:Display: Finished SavePackage ../../../../../../Github/Prototype/Prototype/Content/Blueprints/MyCharacter_BP.uasset
[2017.06.26-01.11.17:259][293]Cmd: OBJ SAVEPACKAGE PACKAGE="/Game/Maps/NewMap" FILE="../../../../../../Github/Prototype/Prototype/Content/Maps/NewMap.umap" SILENT=true AUTOSAVING=false KEEPDIRTY=false
[2017.06.26-01.11.17:656][293]LogSavePackage: Save=300.17ms
[2017.06.26-01.11.17:656][293]LogSavePackage: Moving '../../../../../../Github/Prototype/Prototype/Saved/NewMap44A4C70E4C7211ACF95B0FB747EB7A05.tmp' to '../../../../../../Github/Prototype/Prototype/Content/Maps/NewMap.umap'
[2017.06.26-01.11.17:658][293]LogSavePackage:Display: Finished SavePackage ../../../../../../Github/Prototype/Prototype/Content/Maps/NewMap.umap
[2017.06.26-01.11.17:696][293]LogFileHelpers: Saving map 'NewMap' took 0.558
[2017.06.26-01.11.50:256][868]LogBlueprint:Warning: [GamePlay_BP] 'SpawnPlatform' variable not found. Base class was probably changed.
[2017.06.26-01.11.51:823][987]LogEditorTransaction: Undo Paste clipboard contents
[2017.06.26-01.11.55:713][278]LogBlueprint:Warning: [GamePlay_BP] 'SpawnPlatform' variable not found. Base class was probably changed.
[2017.06.26-01.11.58:600][478]BlueprintLog: New page: Compile GamePlay_BP
[2017.06.26-01.11.58:645][478]LogBlueprint:Warning: [Compiler GamePlay_BP] Warning Could not find a variable named "SpawnPlatform" in 'GamePlay_BP_C'.
Make sure 'GamePlay_BP_C' has been compiled for  Get SpawnPlatform
[2017.06.26-01.11.58:660][478]LogBlueprint:Error: [Compiler GamePlay_BP] Error The property associated with  Spawn Platform  could not be found
[2017.06.26-01.11.58:838][478]LogBlueprintUserMessages: [MyCharacter_BP_C_1] EXP Needed: 200
[2017.06.26-01.11.58:858][478]LogBlueprint:Warning: [Compiler GamePlay_BP] Warning Could not find a variable named "SpawnPlatform" in 'GamePlay_BP_C'.
Make sure 'GamePlay_BP_C' has been compiled for  Get SpawnPlatform
[2017.06.26-01.11.58:859][478]LogBlueprint:Error: [Compiler GamePlay_BP] Error The property associated with  Spawn Platform  could not be found
[2017.06.26-01.11.59:214][478]LogBlueprintUserMessages: [MyCharacter_BP_C_1] EXP Needed: 200
[2017.06.26-01.11.59:360][478]LogBlueprintUserMessages: [MyCharacter_BP_C_1] EXP Needed: 200
[2017.06.26-01.11.59:362][478]LogBlueprintUserMessages: [MyCharacter_BP_C_1] EXP Needed: 200
[2017.06.26-01.11.59:393][478]LogBlueprintUserMessages: [MyCharacter_BP_C_1] EXP Needed: 200
[2017.06.26-01.11.59:395][478]LogBlueprintUserMessages: [MyCharacter_BP_C_1] EXP Needed: 200
[2017.06.26-01.11.59:617][478]BlueprintEditorCompileResults:Warning: Warning Could not find a variable named "SpawnPlatform" in 'GamePlay_BP_C'.
Make sure 'GamePlay_BP_C' has been compiled for  Get SpawnPlatform
[2017.06.26-01.11.59:617][478]BlueprintEditorCompileResults:Error: Error The property associated with  Spawn Platform  could not be found
[2017.06.26-01.11.59:617][478]LogBlueprint:Warning: [Compiler GamePlay_BP] Warning [0852.59] Compile of GamePlay_BP failed. 1 Fatal Issue(s) 1 Warning(s) [in 1,016 ms] (/Game/Blueprints/GamePlay_BP.GamePlay_BP)
[2017.06.26-01.12.11:124][ 42]BlueprintLog: New page: Compile GamePlay_BP
[2017.06.26-01.12.11:561][ 42]LogBlueprintUserMessages: [MyCharacter_BP_C_1] EXP Needed: 200
[2017.06.26-01.12.11:563][ 42]LogBlueprintUserMessages: [MyCharacter_BP_C_1] EXP Needed: 200
[2017.06.26-01.12.11:583][ 42]LogBlueprintUserMessages: [MyCharacter_BP_C_1] EXP Needed: 200
[2017.06.26-01.12.11:585][ 42]LogBlueprintUserMessages: [MyCharacter_BP_C_1] EXP Needed: 200
[2017.06.26-01.12.12:278][ 62]Cmd: OBJ SAVEPACKAGE PACKAGE="/Game/Blueprints/GamePlay_BP" FILE="../../../../../../Github/Prototype/Prototype/Content/Blueprints/GamePlay_BP.uasset" SILENT=true
[2017.06.26-01.12.12:389][ 62]LogSavePackage: Save=47.29ms
[2017.06.26-01.12.12:389][ 62]LogSavePackage: Moving '../../../../../../Github/Prototype/Prototype/Saved/GamePlay_BP49E4119D41D26E77CF5AFC8A4EE5DB27.tmp' to '../../../../../../Github/Prototype/Prototype/Content/Blueprints/GamePlay_BP.uasset'
[2017.06.26-01.12.12:392][ 62]LogSavePackage:Display: Finished SavePackage ../../../../../../Github/Prototype/Prototype/Content/Blueprints/GamePlay_BP.uasset
[2017.06.26-01.12.19:300][543]BlueprintLog: New page: Compile NewMap
[2017.06.26-01.12.20:206][587]Cmd: OBJ SAVEPACKAGE PACKAGE="/Game/Maps/NewMap" FILE="../../../../../../Github/Prototype/Prototype/Content/Maps/NewMap.umap" SILENT=true AUTOSAVING=false KEEPDIRTY=false
[2017.06.26-01.12.20:535][587]LogSavePackage: Save=235.64ms
[2017.06.26-01.12.20:535][587]LogSavePackage: Moving '../../../../../../Github/Prototype/Prototype/Saved/NewMap5FE5AC2143BAADDE65C6FC9B01BD8E7E.tmp' to '../../../../../../Github/Prototype/Prototype/Content/Maps/NewMap.umap'
[2017.06.26-01.12.20:538][587]LogSavePackage:Display: Finished SavePackage ../../../../../../Github/Prototype/Prototype/Content/Maps/NewMap.umap
[2017.06.26-01.12.20:574][587]LogFileHelpers: Saving map 'NewMap' took 0.479
[2017.06.26-01.12.22:896][791]BlueprintLog: New page: Compile NewMap
[2017.06.26-01.12.24:150][871]Cmd: OBJ SAVEPACKAGE PACKAGE="/Game/Maps/NewMap" FILE="../../../../../../Github/Prototype/Prototype/Content/Maps/NewMap.umap" SILENT=true AUTOSAVING=false KEEPDIRTY=false
[2017.06.26-01.12.24:489][871]LogSavePackage: Save=242.60ms
[2017.06.26-01.12.24:489][871]LogSavePackage: Moving '../../../../../../Github/Prototype/Prototype/Saved/NewMap8EDD8E914D173E1EBDE3039A6D440FEF.tmp' to '../../../../../../Github/Prototype/Prototype/Content/Maps/NewMap.umap'
[2017.06.26-01.12.24:492][871]LogSavePackage:Display: Finished SavePackage ../../../../../../Github/Prototype/Prototype/Content/Maps/NewMap.umap
[2017.06.26-01.12.24:529][871]LogFileHelpers: Saving map 'NewMap' took 0.484
[2017.06.26-01.12.53:355][737]BlueprintLog: New page: Compile MyCharacter_BP
[2017.06.26-01.12.53:668][737]LogBlueprintUserMessages: [MyCharacter_BP_C_1] EXP Needed: 200
[2017.06.26-01.12.53:670][737]LogBlueprintUserMessages: [MyCharacter_BP_C_1] EXP Needed: 200
[2017.06.26-01.12.53:848][737]LogBlueprintUserMessages: [MyCharacter_BP_C_1] EXP Needed: 200
[2017.06.26-01.12.53:850][737]LogBlueprintUserMessages: [MyCharacter_BP_C_1] EXP Needed: 200
[2017.06.26-01.12.53:906][737]LogBlueprintUserMessages: [MyCharacter_BP_C_1] EXP Needed: 200
[2017.06.26-01.12.53:908][737]LogBlueprintUserMessages: [MyCharacter_BP_C_1] EXP Needed: 200
[2017.06.26-01.12.54:641][763]Cmd: OBJ SAVEPACKAGE PACKAGE="/Game/Blueprints/MyCharacter_BP" FILE="../../../../../../Github/Prototype/Prototype/Content/Blueprints/MyCharacter_BP.uasset" SILENT=true
[2017.06.26-01.12.55:174][763]LogSavePackage: Save=475.51ms
[2017.06.26-01.12.55:174][763]LogSavePackage: Moving '../../../../../../Github/Prototype/Prototype/Saved/MyCharacter_BP5B87DE85491E145B1DB9F4811227C0E2.tmp' to '../../../../../../Github/Prototype/Prototype/Content/Blueprints/MyCharacter_BP.uasset'
[2017.06.26-01.12.55:177][763]LogSavePackage:Display: Finished SavePackage ../../../../../../Github/Prototype/Prototype/Content/Blueprints/MyCharacter_BP.uasset
[2017.06.26-01.12.56:917][840]LogTemp: Repeting last play command: New Editor Window (PIE)
[2017.06.26-01.12.56:962][840]LogBlueprintUserMessages: Early PlayInEditor Detection: Level '/Game/Maps/NewMap.NewMap:PersistentLevel' has LevelScriptBlueprint '/Game/Maps/NewMap.NewMap:PersistentLevel.NewMap' with GeneratedClass '/Game/Maps/NewMap.NewMap_C' with ClassGeneratedBy '/Game/Maps/NewMap.NewMap:PersistentLevel.NewMap'
[2017.06.26-01.12.56:962][840]LogPlayLevel: PlayLevel: No blueprints needed recompiling
[2017.06.26-01.12.56:962][840]PIE: New page: PIE session: NewMap (Jun 25, 2017, 11:12:56 AM)
[2017.06.26-01.12.56:962][840]LogPlayLevel: Creating play world package: /Game/Maps/UEDPIE_0_NewMap
[2017.06.26-01.12.56:967][840]LogPlayLevel: PIE: StaticDuplicateObject took: (0.004253s)
[2017.06.26-01.12.56:968][840]LogAIModule: Creating AISystem for world NewMap
[2017.06.26-01.12.56:968][840]LogPlayLevel: PIE: World Init took: (0.001447s)
[2017.06.26-01.12.56:968][840]LogPlayLevel: PIE: Created PIE world by copying editor world from /Game/Maps/NewMap.NewMap to /Game/Maps/UEDPIE_0_NewMap.NewMap (0.005980s)
[2017.06.26-01.12.57:062][840]LogInit: XAudio2 using 'Headphones (Jabra STEP Wireless v0.3.5 Stereo)' : 2 channels at 44.1 kHz using 16 bits per sample (channel mask 0x3)
[2017.06.26-01.12.57:073][840]LogInit: FAudioDevice initialized.
[2017.06.26-01.12.57:147][840]LogLoad: Game class is 'GamePlay_BP_C'
[2017.06.26-01.12.57:153][840]LogWorld: Bringing World /Game/Maps/UEDPIE_0_NewMap.NewMap up for play (max tick rate 0) at 2017.06.25-18.12.57
[2017.06.26-01.12.57:154][840]LogWorld: Bringing up level for play took: 0.001873
[2017.06.26-01.12.57:156][840]LogBlueprintUserMessages: [MyCharacter_BP_C_0] EXP Needed: 200
[2017.06.26-01.12.57:181][840]PIE: Info Play in editor start time for /Game/Maps/UEDPIE_0_NewMap 0.953
[2017.06.26-01.12.57:182][840]LogBlueprintUserMessages: Late PlayInEditor Detection: Level '/Game/Maps/NewMap.NewMap:PersistentLevel' has LevelScriptBlueprint '/Game/Maps/NewMap.NewMap:PersistentLevel.NewMap' with GeneratedClass '/Game/Maps/NewMap.NewMap_C' with ClassGeneratedBy '/Game/Maps/NewMap.NewMap:PersistentLevel.NewMap'
[2017.06.26-01.13.02:808][ 85]LogBlueprintUserMessages: [MyCharacter_BP_C_1] EXP Needed: 200
[2017.06.26-01.13.08:726][393]LogBlueprintUserMessages: Early EndPlayMap Detection: Level '/Game/Maps/NewMap.NewMap:PersistentLevel' has LevelScriptBlueprint '/Game/Maps/NewMap.NewMap:PersistentLevel.NewMap' with GeneratedClass '/Game/Maps/NewMap.NewMap_C' with ClassGeneratedBy '/Game/Maps/NewMap.NewMap:PersistentLevel.NewMap'
[2017.06.26-01.13.08:788][393]LogBlueprintUserMessages: Late EndPlayMap Detection: Level '/Game/Maps/NewMap.NewMap:PersistentLevel' has LevelScriptBlueprint '/Game/Maps/NewMap.NewMap:PersistentLevel.NewMap' with GeneratedClass '/Game/Maps/NewMap.NewMap_C' with ClassGeneratedBy '/Game/Maps/NewMap.NewMap:PersistentLevel.NewMap'
[2017.06.26-01.13.12:522][571]LogBlueprintUserMessages: [MyCharacter_BP_C_1] EXP Needed: 200
[2017.06.26-01.13.12:524][571]LogBlueprintUserMessages: [MyCharacter_BP_C_1] EXP Needed: 200
[2017.06.26-01.13.37:168][804]BlueprintLog: New page: Compile MyCharacter_BP
[2017.06.26-01.13.37:531][804]LogBlueprintUserMessages: [MyCharacter_BP_C_1] EXP Needed: 200
[2017.06.26-01.13.37:537][804]LogBlueprintUserMessages: [MyCharacter_BP_C_1] EXP Needed: 200
[2017.06.26-01.13.37:733][804]LogBlueprintUserMessages: [MyCharacter_BP_C_1] EXP Needed: 200
[2017.06.26-01.13.37:735][804]LogBlueprintUserMessages: [MyCharacter_BP_C_1] EXP Needed: 200
[2017.06.26-01.13.37:791][804]LogBlueprintUserMessages: [MyCharacter_BP_C_1] EXP Needed: 200
[2017.06.26-01.13.37:796][804]LogBlueprintUserMessages: [MyCharacter_BP_C_1] EXP Needed: 200
[2017.06.26-01.13.38:230][807]Cmd: OBJ SAVEPACKAGE PACKAGE="/Game/Blueprints/MyCharacter_BP" FILE="../../../../../../Github/Prototype/Prototype/Content/Blueprints/MyCharacter_BP.uasset" SILENT=true
[2017.06.26-01.13.38:807][807]LogSavePackage: Save=521.89ms
[2017.06.26-01.13.38:807][807]LogSavePackage: Moving '../../../../../../Github/Prototype/Prototype/Saved/MyCharacter_BP6F9F02B746ED85FC845C7FB7257B69DA.tmp' to '../../../../../../Github/Prototype/Prototype/Content/Blueprints/MyCharacter_BP.uasset'
[2017.06.26-01.13.38:810][807]LogSavePackage:Display: Finished SavePackage ../../../../../../Github/Prototype/Prototype/Content/Blueprints/MyCharacter_BP.uasset
[2017.06.26-01.13.43:080][ 12]LogBlueprintUserMessages: [MyCharacter_BP_C_1] EXP Needed: 200
[2017.06.26-01.13.43:111][ 12]LogBlueprintUserMessages: [MyCharacter_BP_C_1] EXP Needed: 200
[2017.06.26-01.13.43:113][ 12]LogBlueprintUserMessages: [MyCharacter_BP_C_1] EXP Needed: 200
[2017.06.26-01.13.43:115][ 12]LogBlueprintUserMessages: [MyCharacter_BP_C_1] EXP Needed: 200
[2017.06.26-01.13.43:120][ 12]LogBlueprintUserMessages: [MyCharacter_BP_C_1] EXP Needed: 200
[2017.06.26-01.13.43:122][ 12]LogBlueprintUserMessages: [MyCharacter_BP_C_1] EXP Needed: 200
[2017.06.26-01.13.43:124][ 12]LogBlueprintUserMessages: [MyCharacter_BP_C_1] EXP Needed: 200
[2017.06.26-01.13.43:126][ 12]LogBlueprintUserMessages: [MyCharacter_BP_C_1] EXP Needed: 200
[2017.06.26-01.13.43:128][ 12]LogBlueprintUserMessages: [MyCharacter_BP_C_1] EXP Needed: 200
[2017.06.26-01.13.43:133][ 12]LogBlueprintUserMessages: [MyCharacter_BP_C_1] EXP Needed: 200
[2017.06.26-01.13.43:135][ 12]LogBlueprintUserMessages: [MyCharacter_BP_C_1] EXP Needed: 200
[2017.06.26-01.13.43:137][ 12]LogBlueprintUserMessages: [MyCharacter_BP_C_1] EXP Needed: 200
[2017.06.26-01.13.43:139][ 12]LogBlueprintUserMessages: [MyCharacter_BP_C_1] EXP Needed: 200
[2017.06.26-01.13.43:142][ 12]LogBlueprintUserMessages: [MyCharacter_BP_C_1] EXP Needed: 200
[2017.06.26-01.13.43:173][ 13]LogBlueprintUserMessages: [MyCharacter_BP_C_1] EXP Needed: 200
[2017.06.26-01.13.43:178][ 13]LogBlueprintUserMessages: [MyCharacter_BP_C_1] EXP Needed: 200
[2017.06.26-01.13.43:211][ 14]LogBlueprintUserMessages: [MyCharacter_BP_C_1] EXP Needed: 200
[2017.06.26-01.13.43:237][ 15]LogBlueprintUserMessages: [MyCharacter_BP_C_1] EXP Needed: 200
[2017.06.26-01.13.43:261][ 16]LogBlueprintUserMessages: [MyCharacter_BP_C_1] EXP Needed: 200
[2017.06.26-01.13.43:316][ 19]LogBlueprintUserMessages: [MyCharacter_BP_C_1] EXP Needed: 200
[2017.06.26-01.13.43:339][ 20]LogBlueprintUserMessages: [MyCharacter_BP_C_1] EXP Needed: 200
[2017.06.26-01.13.43:780][ 46]LogBlueprintUserMessages: [MyCharacter_BP_C_1] EXP Needed: 200
[2017.06.26-01.13.43:805][ 47]LogBlueprintUserMessages: [MyCharacter_BP_C_1] EXP Needed: 200
[2017.06.26-01.13.43:827][ 48]LogBlueprintUserMessages: [MyCharacter_BP_C_1] EXP Needed: 200
[2017.06.26-01.13.43:851][ 49]LogBlueprintUserMessages: [MyCharacter_BP_C_1] EXP Needed: 200
[2017.06.26-01.13.43:903][ 52]LogBlueprintUserMessages: [MyCharacter_BP_C_1] EXP Needed: 200
[2017.06.26-01.13.43:956][ 54]LogBlueprintUserMessages: [MyCharacter_BP_C_1] EXP Needed: 200
[2017.06.26-01.13.43:958][ 54]LogBlueprintUserMessages: [MyCharacter_BP_C_1] EXP Needed: 200
[2017.06.26-01.13.44:385][ 75]LogBlueprintUserMessages: [MyCharacter_BP_C_1] EXP Needed: 200
[2017.06.26-01.13.44:388][ 75]LogBlueprintUserMessages: [MyCharacter_BP_C_1] EXP Needed: 200
[2017.06.26-01.14.00:128][843]BlueprintLog: New page: Compile MyCharacter_BP
[2017.06.26-01.14.00:485][843]LogBlueprintUserMessages: [MyCharacter_BP_C_1] EXP Needed: 200
[2017.06.26-01.14.00:487][843]LogBlueprintUserMessages: [MyCharacter_BP_C_1] EXP Needed: 200
[2017.06.26-01.14.00:669][843]LogBlueprintUserMessages: [MyCharacter_BP_C_1] EXP Needed: 200
[2017.06.26-01.14.00:671][843]LogBlueprintUserMessages: [MyCharacter_BP_C_1] EXP Needed: 200
[2017.06.26-01.14.00:729][843]LogBlueprintUserMessages: [MyCharacter_BP_C_1] EXP Needed: 200
[2017.06.26-01.14.00:731][843]LogBlueprintUserMessages: [MyCharacter_BP_C_1] EXP Needed: 200
[2017.06.26-01.14.01:084][844]Cmd: OBJ SAVEPACKAGE PACKAGE="/Game/Blueprints/MyCharacter_BP" FILE="../../../../../../Github/Prototype/Prototype/Content/Blueprints/MyCharacter_BP.uasset" SILENT=true
[2017.06.26-01.14.01:698][844]LogSavePackage: Save=557.57ms
[2017.06.26-01.14.01:698][844]LogSavePackage: Moving '../../../../../../Github/Prototype/Prototype/Saved/MyCharacter_BP98AD6052479EC632F8FCC58C273095ED.tmp' to '../../../../../../Github/Prototype/Prototype/Content/Blueprints/MyCharacter_BP.uasset'
[2017.06.26-01.14.01:701][844]LogSavePackage:Display: Finished SavePackage ../../../../../../Github/Prototype/Prototype/Content/Blueprints/MyCharacter_BP.uasset
[2017.06.26-01.14.14:974][600]BlueprintLog: New page: Compile GamePlay_BP
[2017.06.26-01.14.15:183][600]LogBlueprintUserMessages: [MyCharacter_BP_C_1] EXP Needed: 200
[2017.06.26-01.14.15:185][600]LogBlueprintUserMessages: [MyCharacter_BP_C_1] EXP Needed: 200
[2017.06.26-01.14.16:038][638]Cmd: OBJ SAVEPACKAGE PACKAGE="/Game/Blueprints/GamePlay_BP" FILE="../../../../../../Github/Prototype/Prototype/Content/Blueprints/GamePlay_BP.uasset" SILENT=true
[2017.06.26-01.14.16:154][638]LogSavePackage: Save=49.11ms
[2017.06.26-01.14.16:154][638]LogSavePackage: Moving '../../../../../../Github/Prototype/Prototype/Saved/GamePlay_BP6E9DCEFF4F3E2CC675DBA0A002B8B7E2.tmp' to '../../../../../../Github/Prototype/Prototype/Content/Blueprints/GamePlay_BP.uasset'
[2017.06.26-01.14.16:157][638]LogSavePackage:Display: Finished SavePackage ../../../../../../Github/Prototype/Prototype/Content/Blueprints/GamePlay_BP.uasset
[2017.06.26-01.15.43:909][ 52]LogActorComponent: UnregisterComponent: (/Engine/Transient.EditorFloorComp) Not registered. Aborting.
[2017.06.26-01.15.43:995][ 52]LogActorComponent: UnregisterComponent: (/Engine/Transient.EditorFloorComp) Not registered. Aborting.
[2017.06.26-01.15.46:218][263]SourceControl: Info fatal: C:/Program Files/Epic Games/UE_4.16/Engine/Content/: 'C:/Program Files/Epic Games/UE_4.16/Engine/Content/' is outside repository
[2017.06.26-01.15.58:175][263]LogSourceControl: FGitCheckInWorker: commit successful
[2017.06.26-01.15.58:286][263]SourceControl:Error: Error Aborting commit due to empty commit message.
[2017.06.26-01.15.58:292][263]SourceControl: Info Submitted revision.
