Log file open, 06/22/17 00:42:18
LogInit:Display: Running engine for game: Prototype
LogPlatformFile: Not using cached read wrapper
LogInit:Display: RandInit(125000752) SRandInit(125000773).
LogTaskGraph: Started task graph with 5 named threads and 8 total threads with 1 sets of task threads.
LogStats: Stats thread started at 0.421882
LogInit: Using libcurl 7.47.1
LogInit:  - built for x86_64-pc-win32
LogInit:  - supports SSL with OpenSSL/1.0.2g
LogInit:  - supports HTTP deflate (compression) using libz 1.2.8
LogInit:  - other features:
LogInit:      CURL_VERSION_SSL
LogInit:      CURL_VERSION_LIBZ
LogInit:      CURL_VERSION_IPV6
LogInit:      CURL_VERSION_ASYNCHDNS
LogInit:      CURL_VERSION_LARGEFILE
LogInit:      CURL_VERSION_IDN
LogInit:  CurlRequestOptions (configurable via config and command line):
LogInit:  - bVerifyPeer = false  - Libcurl will NOT verify peer certificate
LogInit:  - bUseHttpProxy = false  - Libcurl will NOT use HTTP proxy
LogInit:  - bDontReuseConnections = false  - Libcurl will reuse connections
LogInit:  - CertBundlePath = nullptr  - Libcurl will use whatever was configured at build time.
LogInit: Build: ++UE4+Release-4.16-CL-3466753
LogInit: Engine Version: 4.16.1-3466753+++UE4+Release-4.16
LogInit: Compatible Engine Version: 4.16.0-3452394+++UE4+Release-4.16
LogInit: Net CL: 3452394
LogDevObjectVersion: Number of dev versions registered: 16
LogDevObjectVersion:   Dev-Blueprints (B0D832E4-1F89-4F0D-ACCF-7EB736FD4AA2): 9
LogDevObjectVersion:   Dev-Build (E1C64328-A22C-4D53-A36C-8E866417BD8C): 0
LogDevObjectVersion:   Dev-Core (375EC13C-06E4-48FB-B500-84F0262A717E): 2
LogDevObjectVersion:   Dev-Editor (E4B068ED-F494-42E9-A231-DA0B2E46BB41): 17
LogDevObjectVersion:   Dev-Framework (CFFC743F-43B0-4480-9391-14DF171D2073): 23
LogDevObjectVersion:   Dev-Mobile (B02B49B5-BB20-44E9-A304-32B752E40360): 0
LogDevObjectVersion:   Dev-Networking (A4E4105C-59A1-49B5-A7C5-40C4547EDFEE): 0
LogDevObjectVersion:   Dev-Online (39C831C9-5AE6-47DC-9A44-9C173E1C8E7C): 0
LogDevObjectVersion:   Dev-Physics (78F01B33-EBEA-4F98-B9B4-84EACCB95AA2): 0
LogDevObjectVersion:   Dev-Platform (6631380F-2D4D-43E0-8009-CF276956A95A): 0
LogDevObjectVersion:   Dev-Rendering (12F88B9F-8875-4AFC-A67C-D90C383ABD29): 15
LogDevObjectVersion:   Dev-Sequencer (7B5AE74C-D270-4C10-A958-57980B212A5A): 4
LogDevObjectVersion:   Dev-VR (D7296918-1DD6-4BDD-9DE2-64A83CC13884): 0
LogDevObjectVersion:   Dev-LoadTimes (C2A15278-BFE7-4AFE-6C17-90FF531DF755): 1
LogDevObjectVersion:   Private-Geometry (6EACA3D4-40EC-4CC1-B786-8BED09428FC5): 1
LogDevObjectVersion:   Dev-AnimPhys (29E575DD-E0A3-4627-9D10-D276232CDCEA): 3
LogInit: Compiled (64-bit): May 31 2017 02:03:30
LogInit: Compiled with Visual C++: 19.00.24215.01
LogInit: Build Configuration: Development
LogInit: Branch Name: ++UE4+Release-4.16
LogInit: Command line:  /Temp/Autosaves/Game/Maps/UEDPCNewMap -game -PIEVIACONSOLE -ResX=1280 -ResY=720  -Multiprocess -messaging -SessionName="Play in Standalone Game" -windowed 
LogInit: Base directory: C:/Program Files/Epic Games/UE_4.16/Engine/Binaries/Win64/
LogInit: Installed Engine Build: 1
LogInit: Presizing for max 8388607 objects, including 0 objects not considered by GC, pre-allocating 0 bytes for permanent pool.
LogInit: Object subsystem initialized
[2017.06.22-07.42.20:418][  0]LogInit: Selected Device Profile: [Windows]
[2017.06.22-07.42.20:418][  0]LogInit: Applying CVar settings loaded from the selected device profile: [Windows]
[2017.06.22-07.42.20:516][  0]LogInit: Computer: DESKTOP-71K0SKI
[2017.06.22-07.42.20:516][  0]LogInit: User: nemca
[2017.06.22-07.42.20:516][  0]LogInit: CPU Page size=4096, Cores=4
[2017.06.22-07.42.20:516][  0]LogInit: High frequency timer resolution =14.318180 MHz
[2017.06.22-07.42.20:516][  0]LogMemory: Memory total: Physical=8.0GB (8GB approx)
[2017.06.22-07.42.20:516][  0]LogMemory: Platform Memory Stats for Windows
[2017.06.22-07.42.20:516][  0]LogMemory: Process Physical Memory: 272.58 MB used, 272.58 MB peak
[2017.06.22-07.42.20:516][  0]LogMemory: Process Virtual Memory: 260.93 MB used, 260.93 MB peak
[2017.06.22-07.42.20:516][  0]LogMemory: Physical Memory: 7440.92 MB used,  730.64 MB free, 8171.55 MB total
[2017.06.22-07.42.20:516][  0]LogMemory: Virtual Memory: 638.32 MB used,  730.64 MB free, 134217728.00 MB total
[2017.06.22-07.42.20:999][  0]LogInit: Using OS detected language (en-US).
[2017.06.22-07.42.20:999][  0]LogInit: Using OS detected locale (en-US).
[2017.06.22-07.42.21:268][  0]LogTextLocalizationManager: No specific localization for 'en-US' exists, so the 'en' localization will be used.
[2017.06.22-07.42.24:171][  0]LogD3D11RHI: D3D11 adapters:
[2017.06.22-07.42.24:827][  0]LogD3D11RHI:    0. 'AMD Radeon HD 7900 Series' (Feature Level 11_0)
[2017.06.22-07.42.24:827][  0]LogD3D11RHI:       3053/0/4085 MB DedicatedVideo/DedicatedSystem/SharedSystem, Outputs:1, VendorId:0x1002
[2017.06.22-07.42.24:960][  0]LogD3D11RHI:    1. 'Microsoft Basic Render Driver' (Feature Level 11_0)
[2017.06.22-07.42.24:960][  0]LogD3D11RHI:       0/0/4085 MB DedicatedVideo/DedicatedSystem/SharedSystem, Outputs:0, VendorId:0x1414
[2017.06.22-07.42.24:960][  0]LogD3D11RHI: Chosen D3D11 Adapter: 0
[2017.06.22-07.42.24:967][  0]LogD3D11RHI: Creating new Direct3DDevice
[2017.06.22-07.42.24:967][  0]LogD3D11RHI:     GPU DeviceId: 0x679a (for the marketing name, search the web for "GPU Device Id")
[2017.06.22-07.42.24:967][  0]LogWindows: EnumDisplayDevices:
[2017.06.22-07.42.24:967][  0]LogWindows:    0. 'AMD Radeon HD 7900 Series' (P:1 D:1)
[2017.06.22-07.42.24:967][  0]LogWindows:    1. 'AMD Radeon HD 7900 Series' (P:0 D:0)
[2017.06.22-07.42.24:968][  0]LogWindows:    2. 'AMD Radeon HD 7900 Series' (P:0 D:0)
[2017.06.22-07.42.24:969][  0]LogWindows:    3. 'AMD Radeon HD 7900 Series' (P:0 D:0)
[2017.06.22-07.42.24:971][  0]LogWindows:    4. 'AMD Radeon HD 7900 Series' (P:0 D:0)
[2017.06.22-07.42.24:973][  0]LogWindows:    5. 'AMD Radeon HD 7900 Series' (P:0 D:0)
[2017.06.22-07.42.24:974][  0]LogWindows: DebugString: FoundDriverCount:6 
[2017.06.22-07.42.24:974][  0]LogD3D11RHI:     Adapter Name: AMD Radeon HD 7900 Series
[2017.06.22-07.42.24:974][  0]LogD3D11RHI:   Driver Version: Crimson ReLive 17.5.1 (internal:22.19.165.1, unified:22.19.165.1)
[2017.06.22-07.42.24:974][  0]LogD3D11RHI:      Driver Date: 5-2-2017
[2017.06.22-07.42.24:974][  0]LogRHI: Texture pool is 1361 MB (70% of 1945 MB)
[2017.06.22-07.42.30:503][  0]LogD3D11RHI: Async texture creation enabled
[2017.06.22-07.42.30:525][  0]LogD3D11RHI: GPU Timing Frequency: 27.000000 (Debug: 2 1)
[2017.06.22-07.42.30:529][  0]LogShaderCompilers: Guid format shader working directory is 2 characters bigger than the processId version (../../../../../../Github/Prototype/Prototype/Intermediate/Shaders/WorkingDirectory/6448/).
[2017.06.22-07.42.30:529][  0]LogShaderCompilers: Cleaned the shader compiler working directory 'C:/Users/nemca/AppData/Local/Temp/UnrealShaderWorkingDir/94D2871B4B0C8FC65B22C8A13FE71BCD/'.
[2017.06.22-07.42.30:529][  0]LogShaderCompilers:Display: Using Local Shader Compiler.
[2017.06.22-07.42.40:603][  0]LogTemp:Display: Loaded TP WindowsClientTargetPlatform
[2017.06.22-07.42.40:729][  0]LogTemp:Display: Loaded TP WindowsNoEditorTargetPlatform
[2017.06.22-07.42.40:847][  0]LogTemp:Display: Loaded TP WindowsServerTargetPlatform
[2017.06.22-07.42.40:989][  0]LogTemp:Display: Loaded TP WindowsTargetPlatform
[2017.06.22-07.42.40:989][  0]LogTargetPlatformManager:Display: Building Assets For Windows
[2017.06.22-07.42.43:031][  0]LogDerivedDataCache:Display: Max Cache Size: 512 MB
[2017.06.22-07.42.44:199][  0]LogDerivedDataCache: Loaded boot cache 1.15s 90MB C:/Users/nemca/AppData/Local/UnrealEngine/4.16/DerivedDataCache/Boot.ddc.
[2017.06.22-07.42.44:200][  0]LogDerivedDataCache:Display: Loaded Boot cache: C:/Users/nemca/AppData/Local/UnrealEngine/4.16/DerivedDataCache/Boot.ddc
[2017.06.22-07.42.44:200][  0]LogDerivedDataCache: FDerivedDataBackendGraph:  Pak pak cache file ../../../../../../Github/Prototype/Prototype/DerivedDataCache/DDC.ddp not found, will not use a pak cache.
[2017.06.22-07.42.44:200][  0]LogDerivedDataCache: Unable to find inner node Pak for hierarchical cache Hierarchy.
[2017.06.22-07.42.44:200][  0]LogDerivedDataCache: FDerivedDataBackendGraph:  CompressedPak pak cache file ../../../../../../Github/Prototype/Prototype/DerivedDataCache/Compressed.ddp not found, will not use a pak cache.
[2017.06.22-07.42.44:200][  0]LogDerivedDataCache: Unable to find inner node CompressedPak for hierarchical cache Hierarchy.
[2017.06.22-07.42.44:260][  0]LogDerivedDataCache:Display: Pak cache opened for reading ../../../Engine/DerivedDataCache/Compressed.ddp.
[2017.06.22-07.42.44:294][  0]LogDerivedDataCache: Using Local data cache path C:/Users/nemca/AppData/Local/UnrealEngine/Common/DerivedDataCache: Writable
[2017.06.22-07.42.44:315][  0]LogMaterial: Verifying Global Shaders for PCD3D_SM5
[2017.06.22-07.42.44:316][  0]LogSlate: Using Freetype 2.6.0
[2017.06.22-07.42.44:382][  0]LogSlate: SlateFontCache - WITH_FREETYPE: 1, WITH_HARFBUZZ: 1
[2017.06.22-07.42.44:382][  0]LogSlate: SlateFontCache - WITH_FREETYPE: 1, WITH_HARFBUZZ: 1
[2017.06.22-07.42.50:431][  0]LogAssetRegistry: FAssetRegistry took 0.0103 seconds to start up
[2017.06.22-07.42.50:444][  0]LogPackageLocalizationCache: Processed 4 localized package path(s) for 2 prioritized culture(s) in 0.012265 seconds
[2017.06.22-07.42.50:643][  0]LogInit: Selected Device Profile: [Windows]
[2017.06.22-07.42.50:820][  0]LogContentStreaming: Texture pool size is 1000.00 MB
[2017.06.22-07.42.51:277][  0]LogMeshUtilities: Using QuadricMeshReduction for automatic static mesh reduction
[2017.06.22-07.42.51:401][  0]LogSimplygon: Simplygon DLL not present - disabling.
[2017.06.22-07.42.51:605][  0]LogMeshUtilities: Using SimplygonSwarm for distributed automatic mesh merging
[2017.06.22-07.42.51:605][  0]LogMeshUtilities: No automatic skeletal mesh reduction module available
[2017.06.22-07.42.51:605][  0]LogMeshUtilities: No automatic mesh merging module available
[2017.06.22-07.42.52:885][  0]LogNetVersion: Prototype , NetCL: 3452394, EngineNetVer: 2, GameNetVer: 0 (Checksum: 1224494967)
[2017.06.22-07.42.53:068][  0]LogInit: WinSock: version 1.1 (2.2), MaxSocks=32767, MaxUdp=65467
[2017.06.22-07.42.56:587][  0]LogMoviePlayer: Initializing movie player
[2017.06.22-07.42.57:540][  0]LogCollectionManager: Loaded 0 collections in 0.002521 seconds
[2017.06.22-07.42.57:615][  0]LogFileCache: Scanning file cache for directory 'C:/Github/Prototype/Prototype/Saved/Collections/' took 0.01s
[2017.06.22-07.42.57:615][  0]LogFileCache: Scanning file cache for directory 'C:/Github/Prototype/Prototype/Content/Developers/nemca/Collections/' took 0.01s
[2017.06.22-07.42.57:615][  0]LogFileCache: Scanning file cache for directory 'C:/Github/Prototype/Prototype/Content/Collections/' took 0.01s
[2017.06.22-07.42.57:615][  0]LogCollectionManager: Rebuilt the object cache for 0 collections in 0.000003 seconds (found 0 objects)
[2017.06.22-07.42.57:615][  0]LogCollectionManager: Fixed up redirectors for 0 collections in 0.000054 seconds (updated 0 objects)
[2017.06.22-07.42.58:073][  0]LogTcpMessaging: Initializing TcpMessaging bridge
[2017.06.22-07.42.58:168][  0]LogUdpMessaging: Initializing bridge on interface 0.0.0.0:0 to multicast group 230.0.0.1:6666.
[2017.06.22-07.42.59:145][  0]SourceControl: Info Source control is disabled
[2017.06.22-07.42.59:145][  0]SourceControl: Info Source control is disabled
[2017.06.22-07.42.59:298][  0]SourceControl: Info Source control is disabled
[2017.06.22-07.43.00:088][  0]LogAndroidPermission: UAndroidPermissionCallbackProxy::GetInstance
[2017.06.22-07.43.01:394][  0]LogUObjectArray: 37220 objects as part of root set at end of initial load.
[2017.06.22-07.43.01:394][  0]LogUObjectAllocator: 8398840 out of 0 bytes used by permanent object pool.
[2017.06.22-07.43.01:394][  0]LogUObjectArray: CloseDisregardForGC: 0/0 objects in disregard for GC pool
[2017.06.22-07.43.01:927][  0]LogEngine: Initializing Engine...
[2017.06.22-07.43.01:928][  0]LogHMD: Failed to initialize OpenVR with code 110
[2017.06.22-07.43.02:238][  0]LogStats: UGameplayTagsManager::ConstructGameplayTagTree: Construct from data asset -  0.000 s
[2017.06.22-07.43.02:238][  0]LogStats: UGameplayTagsManager::ConstructGameplayTagTree: GameplayTagTreeChangedEvent.Broadcast -  0.000 s
[2017.06.22-07.43.02:296][  0]LogInit: XAudio2 using 'Headphones (Jabra STEP Wireless v0.3.5 Stereo)' : 2 channels at 44.1 kHz using 16 bits per sample (channel mask 0x3)
[2017.06.22-07.43.02:354][  0]LogInit: FAudioDevice initialized.
[2017.06.22-07.43.02:403][  0]LogInit: Texture streaming: Enabled
[2017.06.22-07.43.02:488][  0]LogMaterial: Uniform references updated for custom material expression Custom.
[2017.06.22-07.43.03:288][  0]LogSlateStyle:Warning: Unable to find Slate Widget Style 'NormalText'. Using FTextBlockStyle defaults instead.
[2017.06.22-07.43.03:288][  0]LogSlateStyle:Warning: Unable to find Slate Widget Style 'SpinBox'. Using FSpinBoxStyle defaults instead.
[2017.06.22-07.43.03:912][  0]LogInit:Display: Game Engine Initialized.
[2017.06.22-07.43.04:608][  0]LogInit:Display: Starting Game.
[2017.06.22-07.43.04:621][  0]LogNet: Browse: /Temp/Autosaves/Game/Maps/UEDPCNewMap?Name=Player
[2017.06.22-07.43.04:624][  0]LogLoad: LoadMap: /Temp/Autosaves/Game/Maps/UEDPCNewMap?Name=Player
[2017.06.22-07.43.04:858][  0]LogMemory: Platform Memory Stats for Windows
[2017.06.22-07.43.04:858][  0]LogMemory: Process Physical Memory: 723.24 MB used, 827.07 MB peak
[2017.06.22-07.43.04:858][  0]LogMemory: Process Virtual Memory: 900.64 MB used, 948.88 MB peak
[2017.06.22-07.43.04:858][  0]LogMemory: Physical Memory: 7703.82 MB used,  467.73 MB free, 8171.55 MB total
[2017.06.22-07.43.04:858][  0]LogMemory: Virtual Memory: 1505.49 MB used,  467.73 MB free, 134217728.00 MB total
[2017.06.22-07.43.04:858][  0]LogMemory: 
[2017.06.22-07.43.04:858][  0]Allocator Stats for TBB: (not implemented)
[2017.06.22-07.43.05:510][  0]LogAIModule: Creating AISystem for world NewMap
[2017.06.22-07.43.06:071][  0]LogLoad: Game class is 'GamePlay_BP_C'
[2017.06.22-07.43.06:102][  0]LogWorld: Bringing World /Temp/Autosaves/Game/Maps/UEDPCNewMap.NewMap up for play (max tick rate 0) at 2017.06.22-00.43.06
[2017.06.22-07.43.06:102][  0]LogWorld: Bringing up level for play took: 0.001988
[2017.06.22-07.43.06:156][  0]LogLoad: Took 1.531863 seconds to LoadMap(/Temp/Autosaves/Game/Maps/UEDPCNewMap)
[2017.06.22-07.43.06:716][  0]LogRenderer: Reallocating scene render targets to support 1280x720 NumSamples 1 (Frame:1).
[2017.06.22-07.43.06:716][  0]LogLoad: (Engine Initialization) Total time: 57.99 seconds
[2017.06.22-07.43.06:716][  0]LogLoad: (Engine Initialization) Total Blueprint compile time: 0.45 seconds
[2017.06.22-07.43.06:716][  0]LogExternalProfiler: No external profilers were discovered.  External profiling features will not be available.
[2017.06.22-07.43.06:733][  0]LogOcInput: OculusInput pre-init called
[2017.06.22-07.43.06:733][  0]LogHMD: Starting GearVRController plugin
[2017.06.22-07.43.35:641][787]LogWindowsTextInputMethodSystem:Display: IME system now deactivated.
[2017.06.22-07.43.35:642][787]LogEngine: All Windows Closed
[2017.06.22-07.43.35:642][787]LogWindows: FPlatformMisc::RequestExit(0)
[2017.06.22-07.43.35:991][788]LogExit: Preparing to exit.
[2017.06.22-07.43.35:991][788]LogMoviePlayer: Shutting down movie player
[2017.06.22-07.43.36:752][788]LogExit: Game engine shut down
